/*C52*/SET SCHEMA PUBLIC
INSERT INTO SOLICITANTE VALUES(1,'Juarez Monteiro de Vasconcelos Junior')
COMMIT
INSERT INTO SOLICITANTE VALUES(2,'Jos\u00e9 Maria da Silva')
COMMIT
INSERT INTO SOLICITANTE VALUES(3,'Maria Jos\u00e9 da Silva')
COMMIT
INSERT INTO SOLICITANTE VALUES(4,'Rodrigo Santos Pereira')
COMMIT
INSERT INTO VAGAS VALUES(1,'2024-12-23 00:00:00.000000','2024-12-26 00:00:00.000000',8)
COMMIT
INSERT INTO VAGAS VALUES(2,'2024-12-29 00:00:00.000000','2024-12-31 00:00:00.000000',6)
COMMIT
INSERT INTO AGENDAMENTO VALUES(1,'2024-12-23 00:00:00.000000','1','Compra de materiais',1)
COMMIT
INSERT INTO AGENDAMENTO VALUES(2,'2024-12-24 00:00:00.000000','2','Descarga de produtos',1)
COMMIT
INSERT INTO AGENDAMENTO VALUES(3,'2024-12-29 00:00:00.000000','1','Compra de componentes',2)
COMMIT
INSERT INTO AGENDAMENTO VALUES(4,'2024-12-30 00:00:00.000000','2','Compra de brindes',3)
COMMIT
INSERT INTO AGENDAMENTO VALUES(5,'2024-12-31 00:00:00.000000','3','Compra de brindes',4)
COMMIT
INSERT INTO AGENDAMENTO VALUES(6,'2024-12-30 00:00:00.000000','4','Descarga de produtos',1)
COMMIT
/*C60*/SET SCHEMA PUBLIC
DISCONNECT
/*C54*/SET SCHEMA PUBLIC
DISCONNECT
/*C53*/SET SCHEMA PUBLIC
DISCONNECT
/*C52*/DISCONNECT
/*C57*/SET SCHEMA PUBLIC
DISCONNECT
/*C61*/SET SCHEMA PUBLIC
DISCONNECT
/*C55*/SET SCHEMA PUBLIC
DISCONNECT
/*C58*/SET SCHEMA PUBLIC
DISCONNECT
/*C59*/SET SCHEMA PUBLIC
DISCONNECT
/*C56*/SET SCHEMA PUBLIC
DISCONNECT
/*C62*/SET SCHEMA PUBLIC
DISCONNECT
/*C63*/SET SCHEMA PUBLIC
DISCONNECT
/*C64*/SET SCHEMA PUBLIC
DISCONNECT
/*C65*/SET SCHEMA PUBLIC
DISCONNECT
/*C66*/SET SCHEMA PUBLIC
DISCONNECT
/*C67*/SET SCHEMA PUBLIC
DISCONNECT
/*C68*/SET SCHEMA PUBLIC
DISCONNECT
/*C69*/SET SCHEMA PUBLIC
DISCONNECT
/*C70*/SET SCHEMA PUBLIC
DISCONNECT
/*C71*/SET SCHEMA PUBLIC
DISCONNECT
